<?xml version="1.0" encoding="UTF-8"?>
<!-- Generated by org.testng.reporters.JUnitXMLReporter -->
<testsuite ignored="0" hostname="Nitya-PC" failures="0" tests="2" name="Firefox_Browser_TestCases" time="33.476" errors="0" timestamp="01 Nov 2019 18:41:55 GMT">
  <testcase classname="com.test.automation.TestCases.LoginPage_TC" name="test_login_to_app" time="0.263"/>
  <testcase classname="com.test.automation.TestCases.LoginPage_TC" name="test_login_to_app" time="5.414"/>
</testsuite> <!-- Firefox_Browser_TestCases -->
