<?xml version="1.0" encoding="UTF-8"?>
<!-- Generated by org.testng.reporters.JUnitXMLReporter -->
<testsuite ignored="0" hostname="Nitya-PC" failures="0" tests="2" name="Chrome_Browser_TestCases" time="36.391" errors="0" timestamp="02 Nov 2019 17:57:22 GMT">
  <testcase classname="com.test.automation.TestCases.LoginPage_TC" name="test_login_to_app" time="1.252"/>
  <testcase classname="com.test.automation.TestCases.LoginPage_TC" name="test_login_to_app" time="6.006"/>
</testsuite> <!-- Chrome_Browser_TestCases -->
