<?xml version="1.0" encoding="UTF-8"?>
<testng-results ignored="0" total="2" passed="2" failed="0" skipped="0">
  <reporter-output>
  </reporter-output>
  <suite started-at="2019-11-02T17:01:44Z" name="Suite" finished-at="2019-11-02T17:02:13Z" duration-ms="28717">
    <groups>
    </groups>
    <test started-at="2019-11-02T17:01:44Z" name="Chrome_Browser_TestCases" finished-at="2019-11-02T17:02:13Z" duration-ms="28717">
      <class name="com.test.automation.TestCases.LoginPage_TC">
        <test-method is-config="true" signature="report_generation()[pri:0, instance:com.test.automation.TestCases.LoginPage_TC@4229bb3f]" started-at="2019-11-02T17:01:44Z" name="report_generation" finished-at="2019-11-02T17:01:44Z" duration-ms="301" status="PASS">
          <reporter-output>
          </reporter-output>
        </test-method> <!-- report_generation -->
        <test-method is-config="true" signature="browser_init(java.lang.String, java.lang.String)[pri:0, instance:com.test.automation.TestCases.LoginPage_TC@4229bb3f]" started-at="2019-11-02T17:01:46Z" name="browser_init" finished-at="2019-11-02T17:01:56Z" duration-ms="10152" status="PASS">
          <params>
            <param index="0">
              <value>
                <![CDATA[Chrome]]>
              </value>
            </param>
            <param index="1">
              <value>
                <![CDATA[http://182.71.221.77/CTMPPhase2/index.aspx]]>
              </value>
            </param>
          </params>
          <reporter-output>
          </reporter-output>
        </test-method> <!-- browser_init -->
        <test-method signature="test_login_to_app(java.lang.String, java.lang.String, java.lang.String, java.lang.String, java.lang.String)[pri:0, instance:com.test.automation.TestCases.LoginPage_TC@4229bb3f]" started-at="2019-11-02T17:01:56Z" name="test_login_to_app" data-provider="getData" finished-at="2019-11-02T17:01:56Z" duration-ms="732" status="PASS">
          <params>
            <param index="0">
              <value>
                <![CDATA[Select]]>
              </value>
            </param>
            <param index="1">
              <value>
                <![CDATA[]]>
              </value>
            </param>
            <param index="2">
              <value>
                <![CDATA[Testing]]>
              </value>
            </param>
            <param index="3">
              <value>
                <![CDATA[]]>
              </value>
            </param>
            <param index="4">
              <value>
                <![CDATA[Please select a Shift!]]>
              </value>
            </param>
          </params>
          <reporter-output>
          </reporter-output>
        </test-method> <!-- test_login_to_app -->
        <test-method is-config="true" signature="tear_down()[pri:0, instance:com.test.automation.TestCases.LoginPage_TC@4229bb3f]" started-at="2019-11-02T17:01:57Z" name="tear_down" finished-at="2019-11-02T17:01:58Z" duration-ms="782" status="PASS">
          <reporter-output>
          </reporter-output>
        </test-method> <!-- tear_down -->
        <test-method is-config="true" signature="browser_init(java.lang.String, java.lang.String)[pri:0, instance:com.test.automation.TestCases.LoginPage_TC@4229bb3f]" started-at="2019-11-02T17:01:58Z" name="browser_init" finished-at="2019-11-02T17:02:06Z" duration-ms="8024" status="PASS">
          <params>
            <param index="0">
              <value>
                <![CDATA[Chrome]]>
              </value>
            </param>
            <param index="1">
              <value>
                <![CDATA[http://182.71.221.77/CTMPPhase2/index.aspx]]>
              </value>
            </param>
          </params>
          <reporter-output>
          </reporter-output>
        </test-method> <!-- browser_init -->
        <test-method signature="test_login_to_app(java.lang.String, java.lang.String, java.lang.String, java.lang.String, java.lang.String)[pri:0, instance:com.test.automation.TestCases.LoginPage_TC@4229bb3f]" started-at="2019-11-02T17:02:06Z" name="test_login_to_app" data-provider="getData" finished-at="2019-11-02T17:02:12Z" duration-ms="5789" status="PASS">
          <params>
            <param index="0">
              <value>
                <![CDATA[B12]]>
              </value>
            </param>
            <param index="1">
              <value>
                <![CDATA[admin]]>
              </value>
            </param>
            <param index="2">
              <value>
                <![CDATA[Testing]]>
              </value>
            </param>
            <param index="3">
              <value>
                <![CDATA[//div[@class='warning']]]>
              </value>
            </param>
            <param index="4">
              <value>
                <![CDATA[Invalid password]]>
              </value>
            </param>
          </params>
          <reporter-output>
          </reporter-output>
        </test-method> <!-- test_login_to_app -->
        <test-method is-config="true" signature="tear_down()[pri:0, instance:com.test.automation.TestCases.LoginPage_TC@4229bb3f]" started-at="2019-11-02T17:02:12Z" name="tear_down" finished-at="2019-11-02T17:02:13Z" duration-ms="739" status="PASS">
          <reporter-output>
          </reporter-output>
        </test-method> <!-- tear_down -->
        <test-method is-config="true" signature="flush_report()[pri:0, instance:com.test.automation.TestCases.LoginPage_TC@4229bb3f]" started-at="2019-11-02T17:02:13Z" name="flush_report" finished-at="2019-11-02T17:02:14Z" duration-ms="794" status="PASS">
          <reporter-output>
          </reporter-output>
        </test-method> <!-- flush_report -->
      </class> <!-- com.test.automation.TestCases.LoginPage_TC -->
    </test> <!-- Chrome_Browser_TestCases -->
  </suite> <!-- Suite -->
</testng-results>
