<?xml version="1.0" encoding="UTF-8"?>
<testsuite xmlns:xsi="http://www.w3.org/2001/XMLSchema-instance" xsi:noNamespaceSchemaLocation="https://maven.apache.org/surefire/maven-surefire-plugin/xsd/surefire-test-report-3.0.xsd" version="3.0" name="TestSuite" time="40.229" tests="2" errors="0" skipped="0" failures="0">
  <properties>
[...]
</properties>
  <testcase name="test_login_to_app" classname="com.test.automation.TestCases.LoginPage_TC" time="1.261"/>
  <testcase name="test_login_to_app" classname="com.test.automation.TestCases.LoginPage_TC" time="6.006"/>
</testsuite>