<?xml version="1.0" encoding="UTF-8"?>
<testng-results ignored="0" total="2" passed="2" failed="0" skipped="0">
  <reporter-output>
  </reporter-output>
  <suite started-at="2019-11-02T17:56:46Z" name="Suite" finished-at="2019-11-02T17:57:22Z" duration-ms="36391">
    <groups>
    </groups>
    <test started-at="2019-11-02T17:56:46Z" name="Chrome_Browser_TestCases" finished-at="2019-11-02T17:57:22Z" duration-ms="36391">
      <class name="com.test.automation.TestCases.LoginPage_TC">
        <test-method is-config="true" signature="report_generation()[pri:0, instance:com.test.automation.TestCases.LoginPage_TC@4229bb3f]" started-at="2019-11-02T17:56:45Z" name="report_generation" finished-at="2019-11-02T17:56:46Z" duration-ms="1263" status="PASS">
          <reporter-output>
          </reporter-output>
        </test-method> <!-- report_generation -->
        <test-method is-config="true" signature="browser_init(java.lang.String, java.lang.String)[pri:0, instance:com.test.automation.TestCases.LoginPage_TC@4229bb3f]" started-at="2019-11-02T17:56:51Z" name="browser_init" finished-at="2019-11-02T17:57:04Z" duration-ms="12354" status="PASS">
          <params>
            <param index="0">
              <value>
                <![CDATA[Chrome]]>
              </value>
            </param>
            <param index="1">
              <value>
                <![CDATA[http://182.71.221.77/CTMPPhase2/index.aspx]]>
              </value>
            </param>
          </params>
          <reporter-output>
          </reporter-output>
        </test-method> <!-- browser_init -->
        <test-method signature="test_login_to_app(java.lang.String, java.lang.String, java.lang.String, java.lang.String, java.lang.String)[pri:0, instance:com.test.automation.TestCases.LoginPage_TC@4229bb3f]" started-at="2019-11-02T17:57:04Z" name="test_login_to_app" data-provider="getData" finished-at="2019-11-02T17:57:05Z" duration-ms="1252" status="PASS">
          <params>
            <param index="0">
              <value>
                <![CDATA[Select]]>
              </value>
            </param>
            <param index="1">
              <value>
                <![CDATA[]]>
              </value>
            </param>
            <param index="2">
              <value>
                <![CDATA[Testing]]>
              </value>
            </param>
            <param index="3">
              <value>
                <![CDATA[]]>
              </value>
            </param>
            <param index="4">
              <value>
                <![CDATA[Please select a Shift!]]>
              </value>
            </param>
          </params>
          <reporter-output>
          </reporter-output>
        </test-method> <!-- test_login_to_app -->
        <test-method is-config="true" signature="tear_down()[pri:0, instance:com.test.automation.TestCases.LoginPage_TC@4229bb3f]" started-at="2019-11-02T17:57:06Z" name="tear_down" finished-at="2019-11-02T17:57:07Z" duration-ms="927" status="PASS">
          <reporter-output>
          </reporter-output>
        </test-method> <!-- tear_down -->
        <test-method is-config="true" signature="browser_init(java.lang.String, java.lang.String)[pri:0, instance:com.test.automation.TestCases.LoginPage_TC@4229bb3f]" started-at="2019-11-02T17:57:07Z" name="browser_init" finished-at="2019-11-02T17:57:15Z" duration-ms="8313" status="PASS">
          <params>
            <param index="0">
              <value>
                <![CDATA[Chrome]]>
              </value>
            </param>
            <param index="1">
              <value>
                <![CDATA[http://182.71.221.77/CTMPPhase2/index.aspx]]>
              </value>
            </param>
          </params>
          <reporter-output>
          </reporter-output>
        </test-method> <!-- browser_init -->
        <test-method signature="test_login_to_app(java.lang.String, java.lang.String, java.lang.String, java.lang.String, java.lang.String)[pri:0, instance:com.test.automation.TestCases.LoginPage_TC@4229bb3f]" started-at="2019-11-02T17:57:15Z" name="test_login_to_app" data-provider="getData" finished-at="2019-11-02T17:57:21Z" duration-ms="6006" status="PASS">
          <params>
            <param index="0">
              <value>
                <![CDATA[B12]]>
              </value>
            </param>
            <param index="1">
              <value>
                <![CDATA[admin]]>
              </value>
            </param>
            <param index="2">
              <value>
                <![CDATA[Testing]]>
              </value>
            </param>
            <param index="3">
              <value>
                <![CDATA[//div[@class='warning']]]>
              </value>
            </param>
            <param index="4">
              <value>
                <![CDATA[Invalid password]]>
              </value>
            </param>
          </params>
          <reporter-output>
          </reporter-output>
        </test-method> <!-- test_login_to_app -->
        <test-method is-config="true" signature="tear_down()[pri:0, instance:com.test.automation.TestCases.LoginPage_TC@4229bb3f]" started-at="2019-11-02T17:57:21Z" name="tear_down" finished-at="2019-11-02T17:57:22Z" duration-ms="864" status="PASS">
          <reporter-output>
          </reporter-output>
        </test-method> <!-- tear_down -->
        <test-method is-config="true" signature="flush_report()[pri:0, instance:com.test.automation.TestCases.LoginPage_TC@4229bb3f]" started-at="2019-11-02T17:57:22Z" name="flush_report" finished-at="2019-11-02T17:57:23Z" duration-ms="943" status="PASS">
          <reporter-output>
          </reporter-output>
        </test-method> <!-- flush_report -->
      </class> <!-- com.test.automation.TestCases.LoginPage_TC -->
    </test> <!-- Chrome_Browser_TestCases -->
  </suite> <!-- Suite -->
</testng-results>
