<?xml version="1.0" encoding="UTF-8"?>
<testng-results ignored="0" total="4" passed="4" failed="0" skipped="0">
  <reporter-output>
  </reporter-output>
  <suite started-at="2019-11-01T18:40:53Z" name="Suite" finished-at="2019-11-01T18:41:55Z" duration-ms="61563">
    <groups>
    </groups>
    <test started-at="2019-11-01T18:40:53Z" name="Chrome_Browser_TestCases" finished-at="2019-11-01T18:41:21Z" duration-ms="28057">
      <class name="com.test.automation.TestCases.LoginPage_TC">
        <test-method is-config="true" signature="browser_init(java.lang.String, java.lang.String)[pri:0, instance:com.test.automation.TestCases.LoginPage_TC@1ed6388a]" started-at="2019-11-01T18:40:54Z" name="browser_init" finished-at="2019-11-01T18:41:05Z" duration-ms="10087" status="PASS">
          <params>
            <param index="0">
              <value>
                <![CDATA[Chrome]]>
              </value>
            </param>
            <param index="1">
              <value>
                <![CDATA[http://182.71.221.77/CTMPPhase2/index.aspx]]>
              </value>
            </param>
          </params>
          <reporter-output>
          </reporter-output>
        </test-method> <!-- browser_init -->
        <test-method signature="test_login_to_app(java.lang.String, java.lang.String, java.lang.String, java.lang.String, java.lang.String)[pri:0, instance:com.test.automation.TestCases.LoginPage_TC@1ed6388a]" started-at="2019-11-01T18:41:05Z" name="test_login_to_app" data-provider="getData" finished-at="2019-11-01T18:41:05Z" duration-ms="699" status="PASS">
          <params>
            <param index="0">
              <value>
                <![CDATA[Select]]>
              </value>
            </param>
            <param index="1">
              <value>
                <![CDATA[]]>
              </value>
            </param>
            <param index="2">
              <value>
                <![CDATA[Testing]]>
              </value>
            </param>
            <param index="3">
              <value>
                <![CDATA[]]>
              </value>
            </param>
            <param index="4">
              <value>
                <![CDATA[Please select a Shift!]]>
              </value>
            </param>
          </params>
          <reporter-output>
          </reporter-output>
        </test-method> <!-- test_login_to_app -->
        <test-method is-config="true" signature="tear_down()[pri:0, instance:com.test.automation.TestCases.LoginPage_TC@1ed6388a]" started-at="2019-11-01T18:41:06Z" name="tear_down" finished-at="2019-11-01T18:41:07Z" duration-ms="862" status="PASS">
          <reporter-output>
          </reporter-output>
        </test-method> <!-- tear_down -->
        <test-method is-config="true" signature="browser_init(java.lang.String, java.lang.String)[pri:0, instance:com.test.automation.TestCases.LoginPage_TC@1ed6388a]" started-at="2019-11-01T18:41:07Z" name="browser_init" finished-at="2019-11-01T18:41:14Z" duration-ms="7773" status="PASS">
          <params>
            <param index="0">
              <value>
                <![CDATA[Chrome]]>
              </value>
            </param>
            <param index="1">
              <value>
                <![CDATA[http://182.71.221.77/CTMPPhase2/index.aspx]]>
              </value>
            </param>
          </params>
          <reporter-output>
          </reporter-output>
        </test-method> <!-- browser_init -->
        <test-method signature="test_login_to_app(java.lang.String, java.lang.String, java.lang.String, java.lang.String, java.lang.String)[pri:0, instance:com.test.automation.TestCases.LoginPage_TC@1ed6388a]" started-at="2019-11-01T18:41:14Z" name="test_login_to_app" data-provider="getData" finished-at="2019-11-01T18:41:20Z" duration-ms="5699" status="PASS">
          <params>
            <param index="0">
              <value>
                <![CDATA[B12]]>
              </value>
            </param>
            <param index="1">
              <value>
                <![CDATA[admin]]>
              </value>
            </param>
            <param index="2">
              <value>
                <![CDATA[Testing]]>
              </value>
            </param>
            <param index="3">
              <value>
                <![CDATA[//div[@class='warning']]]>
              </value>
            </param>
            <param index="4">
              <value>
                <![CDATA[Invalid password]]>
              </value>
            </param>
          </params>
          <reporter-output>
          </reporter-output>
        </test-method> <!-- test_login_to_app -->
        <test-method is-config="true" signature="tear_down()[pri:0, instance:com.test.automation.TestCases.LoginPage_TC@1ed6388a]" started-at="2019-11-01T18:41:20Z" name="tear_down" finished-at="2019-11-01T18:41:21Z" duration-ms="826" status="PASS">
          <reporter-output>
          </reporter-output>
        </test-method> <!-- tear_down -->
      </class> <!-- com.test.automation.TestCases.LoginPage_TC -->
    </test> <!-- Chrome_Browser_TestCases -->
    <test started-at="2019-11-01T18:41:21Z" name="Firefox_Browser_TestCases" finished-at="2019-11-01T18:41:55Z" duration-ms="33476">
      <class name="com.test.automation.TestCases.LoginPage_TC">
        <test-method is-config="true" signature="report_generation()[pri:0, instance:com.test.automation.TestCases.LoginPage_TC@1a6d8329]" started-at="2019-11-01T18:40:53Z" name="report_generation" finished-at="2019-11-01T18:40:53Z" duration-ms="279" status="PASS">
          <reporter-output>
          </reporter-output>
        </test-method> <!-- report_generation -->
        <test-method is-config="true" signature="browser_init(java.lang.String, java.lang.String)[pri:0, instance:com.test.automation.TestCases.LoginPage_TC@1a6d8329]" started-at="2019-11-01T18:41:21Z" name="browser_init" finished-at="2019-11-01T18:41:34Z" duration-ms="12190" status="PASS">
          <params>
            <param index="0">
              <value>
                <![CDATA[Firefox]]>
              </value>
            </param>
            <param index="1">
              <value>
                <![CDATA[http://182.71.221.77/CTMPPhase2/index.aspx]]>
              </value>
            </param>
          </params>
          <reporter-output>
          </reporter-output>
        </test-method> <!-- browser_init -->
        <test-method signature="test_login_to_app(java.lang.String, java.lang.String, java.lang.String, java.lang.String, java.lang.String)[pri:0, instance:com.test.automation.TestCases.LoginPage_TC@1a6d8329]" started-at="2019-11-01T18:41:34Z" name="test_login_to_app" data-provider="getData" finished-at="2019-11-01T18:41:34Z" duration-ms="263" status="PASS">
          <params>
            <param index="0">
              <value>
                <![CDATA[Select]]>
              </value>
            </param>
            <param index="1">
              <value>
                <![CDATA[]]>
              </value>
            </param>
            <param index="2">
              <value>
                <![CDATA[Testing]]>
              </value>
            </param>
            <param index="3">
              <value>
                <![CDATA[]]>
              </value>
            </param>
            <param index="4">
              <value>
                <![CDATA[Please select a Shift!]]>
              </value>
            </param>
          </params>
          <reporter-output>
          </reporter-output>
        </test-method> <!-- test_login_to_app -->
        <test-method is-config="true" signature="tear_down()[pri:0, instance:com.test.automation.TestCases.LoginPage_TC@1a6d8329]" started-at="2019-11-01T18:41:34Z" name="tear_down" finished-at="2019-11-01T18:41:36Z" duration-ms="2211" status="PASS">
          <reporter-output>
          </reporter-output>
        </test-method> <!-- tear_down -->
        <test-method is-config="true" signature="browser_init(java.lang.String, java.lang.String)[pri:0, instance:com.test.automation.TestCases.LoginPage_TC@1a6d8329]" started-at="2019-11-01T18:41:36Z" name="browser_init" finished-at="2019-11-01T18:41:47Z" duration-ms="10706" status="PASS">
          <params>
            <param index="0">
              <value>
                <![CDATA[Firefox]]>
              </value>
            </param>
            <param index="1">
              <value>
                <![CDATA[http://182.71.221.77/CTMPPhase2/index.aspx]]>
              </value>
            </param>
          </params>
          <reporter-output>
          </reporter-output>
        </test-method> <!-- browser_init -->
        <test-method signature="test_login_to_app(java.lang.String, java.lang.String, java.lang.String, java.lang.String, java.lang.String)[pri:0, instance:com.test.automation.TestCases.LoginPage_TC@1a6d8329]" started-at="2019-11-01T18:41:47Z" name="test_login_to_app" data-provider="getData" finished-at="2019-11-01T18:41:52Z" duration-ms="5414" status="PASS">
          <params>
            <param index="0">
              <value>
                <![CDATA[B12]]>
              </value>
            </param>
            <param index="1">
              <value>
                <![CDATA[admin]]>
              </value>
            </param>
            <param index="2">
              <value>
                <![CDATA[Testing]]>
              </value>
            </param>
            <param index="3">
              <value>
                <![CDATA[//div[@class='warning']]]>
              </value>
            </param>
            <param index="4">
              <value>
                <![CDATA[Invalid password]]>
              </value>
            </param>
          </params>
          <reporter-output>
          </reporter-output>
        </test-method> <!-- test_login_to_app -->
        <test-method is-config="true" signature="tear_down()[pri:0, instance:com.test.automation.TestCases.LoginPage_TC@1a6d8329]" started-at="2019-11-01T18:41:52Z" name="tear_down" finished-at="2019-11-01T18:41:55Z" duration-ms="2304" status="PASS">
          <reporter-output>
          </reporter-output>
        </test-method> <!-- tear_down -->
        <test-method is-config="true" signature="flush_report()[pri:0, instance:com.test.automation.TestCases.LoginPage_TC@1a6d8329]" started-at="2019-11-01T18:41:55Z" name="flush_report" finished-at="2019-11-01T18:41:56Z" duration-ms="753" status="PASS">
          <reporter-output>
          </reporter-output>
        </test-method> <!-- flush_report -->
      </class> <!-- com.test.automation.TestCases.LoginPage_TC -->
    </test> <!-- Firefox_Browser_TestCases -->
  </suite> <!-- Suite -->
</testng-results>
